<?xml version="1.0" encoding="UTF-8"?>
<!-- Generated by org.testng.reporters.JUnitXMLReporter -->
<testsuite ignored="0" hostname="PinkySaha" failures="0" tests="4" name="Default test" time="11.329" errors="0" timestamp="2022-07-09T03:12:16 EDT">
  <testcase classname="hw17Selenium.Use_of_alerts" name="acceptTheAlertJSAlert" time="3.081"/>
  <testcase classname="hw17Selenium.Use_of_alerts" name="acceptTheAlertJSConfirm" time="3.162"/>
  <testcase classname="hw17Selenium.Use_of_alerts" name="dismissAlertJSConfirm" time="0.049"/>
  <testcase classname="hw17Selenium.Use_of_alerts" name="clickForJSProTest" time="0.069"/>
</testsuite> <!-- Default test -->
