<?xml version="1.0" encoding="UTF-8"?>
<testng-results ignored="0" total="1" passed="1" failed="0" skipped="0">
  <reporter-output>
  </reporter-output>
  <suite started-at="2022-06-27T03:57:29 EDT" name="Default suite" finished-at="2022-06-27T03:57:41 EDT" duration-ms="11018">
    <groups>
    </groups>
    <test started-at="2022-06-27T03:57:29 EDT" name="Default test" finished-at="2022-06-27T03:57:41 EDT" duration-ms="11018">
      <class name="hw13CreateAMethodByTestNG.MethodByTestNG">
        <test-method is-config="true" signature="setUp()[pri:0, instance:hw13CreateAMethodByTestNG.MethodByTestNG@2c35e847]" started-at="2022-06-27T03:57:30 EDT" name="setUp" finished-at="2022-06-27T03:57:32 EDT" duration-ms="2392" status="PASS">
          <reporter-output>
          </reporter-output>
        </test-method> <!-- setUp -->
        <test-method signature="urlTest()[pri:0, instance:hw13CreateAMethodByTestNG.MethodByTestNG@2c35e847]" started-at="2022-06-27T03:57:32 EDT" name="urlTest" finished-at="2022-06-27T03:57:40 EDT" duration-ms="8323" status="PASS">
          <reporter-output>
          </reporter-output>
        </test-method> <!-- urlTest -->
        <test-method is-config="true" signature="tearUp()[pri:0, instance:hw13CreateAMethodByTestNG.MethodByTestNG@2c35e847]" started-at="2022-06-27T03:57:40 EDT" name="tearUp" finished-at="2022-06-27T03:57:41 EDT" duration-ms="256" status="PASS">
          <reporter-output>
          </reporter-output>
        </test-method> <!-- tearUp -->
      </class> <!-- hw13CreateAMethodByTestNG.MethodByTestNG -->
    </test> <!-- Default test -->
  </suite> <!-- Default suite -->
</testng-results>
